wto, 14 sty 2020, 19:37:03 CET - startup.sh -
wto, 14 sty 2020, 19:37:03 CET - startup.sh -
wto, 14 sty 2020, 19:37:03 CET - startup.sh - wlab_web_dataprovider start from: /home/kku/eclipse_photon/workspace/wlab_datap
wto, 14 sty 2020, 19:37:03 CET - startup.sh - [*] exit code: 1
wto, 14 sty 2020, 19:37:03 CET - startup.sh - [*] unhandled exception.
wto, 14 sty 2020, 19:37:03 CET - startup.sh - sleep 10
wto, 14 sty 2020, 19:41:23 CET - startup.sh -
wto, 14 sty 2020, 19:41:23 CET - startup.sh -
wto, 14 sty 2020, 19:41:23 CET - startup.sh - wlab_web_dataprovider start from: /home/kku/eclipse_photon/workspace/wlab_datap
wto, 14 sty 2020, 19:41:23 CET - startup.sh - [*] exit code: 1
wto, 14 sty 2020, 19:41:23 CET - startup.sh - [*] unhandled exception.
wto, 14 sty 2020, 19:41:23 CET - startup.sh - sleep 10
wto, 14 sty 2020, 19:41:33 CET - startup.sh - [*] exit code: 1
wto, 14 sty 2020, 19:41:33 CET - startup.sh - [*] unhandled exception.
wto, 14 sty 2020, 19:41:33 CET - startup.sh - sleep 10
wto, 14 sty 2020, 19:41:43 CET - startup.sh - [*] exit code: 1
wto, 14 sty 2020, 19:41:43 CET - startup.sh - [*] unhandled exception.
wto, 14 sty 2020, 19:41:43 CET - startup.sh - sleep 10
wto, 14 sty 2020, 19:41:53 CET - startup.sh - [*] exit code: 1
wto, 14 sty 2020, 19:41:53 CET - startup.sh - [*] unhandled exception.
wto, 14 sty 2020, 19:41:53 CET - startup.sh - sleep 10
wto, 14 sty 2020, 19:42:03 CET - startup.sh - [*] exit code: 1
wto, 14 sty 2020, 19:42:03 CET - startup.sh - [*] unhandled exception.
wto, 14 sty 2020, 19:42:03 CET - startup.sh - sleep 10
wto, 14 sty 2020, 19:42:13 CET - startup.sh - [*] exit code: 1
wto, 14 sty 2020, 19:42:13 CET - startup.sh - [*] unhandled exception.
wto, 14 sty 2020, 19:42:13 CET - startup.sh - sleep 10
wto, 14 sty 2020, 19:42:23 CET - startup.sh - [*] exit code: 1
wto, 14 sty 2020, 19:42:23 CET - startup.sh - [*] unhandled exception.
wto, 14 sty 2020, 19:42:23 CET - startup.sh - sleep 10
wto, 14 sty 2020, 19:42:33 CET - startup.sh - [*] exit code: 1
wto, 14 sty 2020, 19:42:33 CET - startup.sh - [*] unhandled exception.
wto, 14 sty 2020, 19:42:33 CET - startup.sh - sleep 10
wto, 14 sty 2020, 19:42:43 CET - startup.sh - [*] exit code: 1
wto, 14 sty 2020, 19:42:43 CET - startup.sh - [*] unhandled exception.
wto, 14 sty 2020, 19:42:43 CET - startup.sh - sleep 10
wto, 14 sty 2020, 19:42:53 CET - startup.sh - [*] exit code: 1
wto, 14 sty 2020, 19:42:53 CET - startup.sh - [*] unhandled exception.
wto, 14 sty 2020, 19:42:53 CET - startup.sh - sleep 10
wto, 14 sty 2020, 19:43:03 CET - startup.sh - [*] exit code: 1
wto, 14 sty 2020, 19:43:03 CET - startup.sh - [*] unhandled exception.
wto, 14 sty 2020, 19:43:03 CET - startup.sh - sleep 10
wto, 14 sty 2020, 19:45:21 CET - startup.sh -
wto, 14 sty 2020, 19:45:21 CET - startup.sh -
wto, 14 sty 2020, 19:45:21 CET - startup.sh - wlab_web_dataprovider start from: /home/kku/eclipse_photon/workspace/wlab_datap
wto, 14 sty 2020, 19:45:21 CET - startup.sh - [*] exit code: 1
wto, 14 sty 2020, 19:45:21 CET - startup.sh - [*] unhandled exception.
wto, 14 sty 2020, 19:45:21 CET - startup.sh - sleep 10
wto, 14 sty 2020, 19:45:32 CET - startup.sh - [*] exit code: 1
wto, 14 sty 2020, 19:45:32 CET - startup.sh - [*] unhandled exception.
wto, 14 sty 2020, 19:45:32 CET - startup.sh - sleep 10
wto, 14 sty 2020, 19:45:42 CET - startup.sh - [*] exit code: 1
wto, 14 sty 2020, 19:45:42 CET - startup.sh - [*] unhandled exception.
wto, 14 sty 2020, 19:45:42 CET - startup.sh - sleep 10
wto, 14 sty 2020, 19:48:38 CET - startup.sh -
wto, 14 sty 2020, 19:48:38 CET - startup.sh -
wto, 14 sty 2020, 19:48:38 CET - startup.sh - wlab_web_dataprovider start from: /home/kku/eclipse_photon/workspace/wlab_datap
